action: install_locally, msg: envreport
cwd: C:\Users\Nkechi Ijeoma\Downloads\chuka\curacel\regression_model
cmd: 'C:\Users\Nkechi Ijeoma\Downloads\chuka\curacel\regression_model\.tox\install_locally\Scripts\python.EXE' -m pip freeze
atomicwrites==1.4.0
attrs==19.3.0
certifi==2020.4.5.1
chardet==3.0.4
colorama==0.4.3
idna==2.9
importlib-metadata==1.6.0
joblib==0.14.1
kaggle==1.5.6
more-itertools==8.2.0
numpy==1.18.4
packaging==20.3
pandas==1.0.3
pluggy==0.13.1
py==1.8.1
pyparsing==2.4.7
pytest==5.4.2
python-dateutil==2.8.1
python-slugify==4.0.0
pytz==2020.1
regression-model==1.0.0
requests==2.23.0
scikit-learn==0.22.2.post1
scipy==1.4.1
six==1.14.0
text-unidecode==1.3
tqdm==4.46.0
urllib3==1.24.3
wcwidth==0.1.9
zipp==3.1.0
